[debug] [2023-01-08T07:32:16.809Z] ----------------------------------------------------------------------
[debug] [2023-01-08T07:32:16.811Z] Command:       C:\Program Files\nodejs\node.exe C:\Users\sh105\AppData\Roaming\npm\node_modules\firebase-tools\lib\bin\firebase.js init
[debug] [2023-01-08T07:32:16.812Z] CLI Version:   11.20.0
[debug] [2023-01-08T07:32:16.812Z] Platform:      win32
[debug] [2023-01-08T07:32:16.812Z] Node Version:  v16.15.1
[debug] [2023-01-08T07:32:16.813Z] Time:          Sun Jan 08 2023 13:02:16 GMT+0530 (India Standard Time)
[debug] [2023-01-08T07:32:16.813Z] ----------------------------------------------------------------------
[debug] 
[debug] [2023-01-08T07:32:16.820Z] > command requires scopes: ["email","openid","https://www.googleapis.com/auth/cloudplatformprojects.readonly","https://www.googleapis.com/auth/firebase","https://www.googleapis.com/auth/cloud-platform"]
[debug] [2023-01-08T07:32:16.821Z] > authorizing via signed-in user (gauravdombaleyt@gmail.com)
[info] 
     ######## #### ########  ######## ########     ###     ######  ########
     ##        ##  ##     ## ##       ##     ##  ##   ##  ##       ##
     ######    ##  ########  ######   ########  #########  ######  ######
     ##        ##  ##    ##  ##       ##     ## ##     ##       ## ##
     ##       #### ##     ## ######## ########  ##     ##  ######  ########

You're about to initialize a Firebase project in this directory:

  D:\Program Files\New folder (2)

[info] 
=== Project Setup
[info] 
[info] First, let's associate this project directory with a Firebase project.
[info] You can create multiple project aliases by running firebase use --add, 
[info] but for now we'll just set up a default project.
[info] 
[debug] [2023-01-08T07:33:21.055Z] >>> [apiv2][query] GET https://firebase.googleapis.com/v1beta1/projects pageSize=100
[debug] [2023-01-08T07:33:21.884Z] <<< [apiv2][status] GET https://firebase.googleapis.com/v1beta1/projects 200
[debug] [2023-01-08T07:33:21.884Z] <<< [apiv2][body] GET https://firebase.googleapis.com/v1beta1/projects [omitted]
[info] i  Using project evspace-87918 (evSpace) 
[info] 
=== Hosting Setup
[info] 
[info] Your public directory is the folder (relative to your project directory) that
[info] will contain Hosting assets to be uploaded with firebase deploy. If you
[info] have a build process for your assets, use your build's output directory.
[info] 
